[debug] [2022-04-15T14:10:39.344Z] ----------------------------------------------------------------------
[debug] [2022-04-15T14:10:39.348Z] Command:       D:\Folders\NodeJs\node.exe C:\Users\Zarna\AppData\Roaming\npm\node_modules\firebase-tools\lib\bin\firebase.js init
[debug] [2022-04-15T14:10:39.349Z] CLI Version:   10.6.0
[debug] [2022-04-15T14:10:39.349Z] Platform:      win32
[debug] [2022-04-15T14:10:39.349Z] Node Version:  v14.17.5
[debug] [2022-04-15T14:10:39.351Z] Time:          Fri Apr 15 2022 19:40:39 GMT+0530 (India Standard Time)
[debug] [2022-04-15T14:10:39.351Z] ----------------------------------------------------------------------
[debug] 
[debug] [2022-04-15T14:10:39.367Z] > command requires scopes: ["email","openid","https://www.googleapis.com/auth/cloudplatformprojects.readonly","https://www.googleapis.com/auth/firebase","https://www.googleapis.com/auth/cloud-platform"]
[debug] [2022-04-15T14:10:39.367Z] > authorizing via signed-in user (zarana.desai_19@sakec.ac.in)
[info] 
     ######## #### ########  ######## ########     ###     ######  ########
     ##        ##  ##     ## ##       ##     ##  ##   ##  ##       ##
     ######    ##  ########  ######   ########  #########  ######  ######
     ##        ##  ##    ##  ##       ##     ## ##     ##       ## ##
     ##       #### ##     ## ######## ########  ##     ##  ######  ########

You're about to initialize a Firebase project in this directory:

  D:\Folders\VS Code\TE Mini Project\CC_Distributed-Question-Bank-System\Distributed-Question-Bank-System-master

[info] 
=== Project Setup
[info] 
[info] First, let's associate this project directory with a Firebase project.
[info] You can create multiple project aliases by running firebase use --add, 
[info] but for now we'll just set up a default project.
[info] 
[debug] [2022-04-15T14:10:52.097Z] >>> [apiv2][query] GET https://firebase.googleapis.com/v1beta1/projects pageSize=100
[debug] [2022-04-15T14:10:52.954Z] <<< [apiv2][status] GET https://firebase.googleapis.com/v1beta1/projects 200
[debug] [2022-04-15T14:10:52.954Z] <<< [apiv2][body] GET https://firebase.googleapis.com/v1beta1/projects [omitted]
[info] i  Using project qu-b-e6988 (Qu-B) 
[info] 
=== Hosting Setup
[info] 
[info] Your public directory is the folder (relative to your project directory) that
[info] will contain Hosting assets to be uploaded with firebase deploy. If you
[info] have a build process for your assets, use your build's output directory.
[info] 
[debug] [2022-04-15T14:11:21.316Z] Error: kill ENOSYS
    at process.kill (internal/process/per_thread.js:200:13)
    at process.listener (C:\Users\Zarna\AppData\Roaming\npm\node_modules\firebase-tools\node_modules\signal-exit\index.js:95:15)
    at process.emit (events.js:400:28)
[error] 
[error] Error: An unexpected error has occurred.
[debug] [2022-04-15T14:12:13.116Z] ----------------------------------------------------------------------
[debug] [2022-04-15T14:12:13.119Z] Command:       D:\Folders\NodeJs\node.exe C:\Users\Zarna\AppData\Roaming\npm\node_modules\firebase-tools\lib\bin\firebase.js init
[debug] [2022-04-15T14:12:13.119Z] CLI Version:   10.6.0
[debug] [2022-04-15T14:12:13.119Z] Platform:      win32
[debug] [2022-04-15T14:12:13.120Z] Node Version:  v14.17.5
[debug] [2022-04-15T14:12:13.121Z] Time:          Fri Apr 15 2022 19:42:13 GMT+0530 (India Standard Time)
[debug] [2022-04-15T14:12:13.121Z] ----------------------------------------------------------------------
[debug] 
[debug] [2022-04-15T14:12:13.132Z] > command requires scopes: ["email","openid","https://www.googleapis.com/auth/cloudplatformprojects.readonly","https://www.googleapis.com/auth/firebase","https://www.googleapis.com/auth/cloud-platform"]
[debug] [2022-04-15T14:12:13.132Z] > authorizing via signed-in user (zarana.desai_19@sakec.ac.in)
[info] 
     ######## #### ########  ######## ########     ###     ######  ########
     ##        ##  ##     ## ##       ##     ##  ##   ##  ##       ##
     ######    ##  ########  ######   ########  #########  ######  ######
     ##        ##  ##    ##  ##       ##     ## ##     ##       ## ##
     ##       #### ##     ## ######## ########  ##     ##  ######  ########

You're about to initialize a Firebase project in this directory:

  D:\Folders\VS Code\TE Mini Project\CC_Distributed-Question-Bank-System\Distributed-Question-Bank-System-master

[info] 
=== Project Setup
[info] 
[info] First, let's associate this project directory with a Firebase project.
[info] You can create multiple project aliases by running firebase use --add, 
[info] but for now we'll just set up a default project.
[info] 
[debug] [2022-04-15T14:12:27.933Z] >>> [apiv2][query] GET https://firebase.googleapis.com/v1beta1/projects pageSize=100
[debug] [2022-04-15T14:12:28.871Z] <<< [apiv2][status] GET https://firebase.googleapis.com/v1beta1/projects 200
[debug] [2022-04-15T14:12:28.871Z] <<< [apiv2][body] GET https://firebase.googleapis.com/v1beta1/projects [omitted]
[info] i  Using project qu-b-e6988 (Qu-B) 
[info] 
=== Hosting Setup
[info] 
[info] Your public directory is the folder (relative to your project directory) that
[info] will contain Hosting assets to be uploaded with firebase deploy. If you
[info] have a build process for your assets, use your build's output directory.
[info] 
[info] +  Wrote build/web/404.html 
[debug] [2022-04-15T14:12:42.476Z] >>> [apiv2][query] GET https://www.gstatic.com/firebasejs/releases.json [none]
[debug] [2022-04-15T14:12:42.876Z] <<< [apiv2][status] GET https://www.gstatic.com/firebasejs/releases.json 200
[debug] [2022-04-15T14:12:42.876Z] <<< [apiv2][body] GET https://www.gstatic.com/firebasejs/releases.json {"current":{"version":"9.6.11","browserURL":"https://www.gstatic.com/firebasejs/9.6.11/firebase.js","packageURL":"https://www.gstatic.com/firebasejs/9.6.11/firebase.tgz"},"live":{"version":"9.6","browserURL":"https://www.gstatic.com/firebasejs/live/9.6/firebase.js","packageURL":"https://www.gstatic.com/firebasejs/live/9.6/firebase.tgz"},"components":{"analytics":"https://www.gstatic.com/firebasejs/9.6.11/firebase-analytics.js","app":"https://www.gstatic.com/firebasejs/9.6.11/firebase-app.js","app-check":"https://www.gstatic.com/firebasejs/9.6.11/firebase-app-check.js","auth":"https://www.gstatic.com/firebasejs/9.6.11/firebase-auth.js","auth/cordova":"https://www.gstatic.com/firebasejs/9.6.11/firebase-auth/cordova.js","auth/react-native":"https://www.gstatic.com/firebasejs/9.6.11/firebase-auth/react-native.js","functions":"https://www.gstatic.com/firebasejs/9.6.11/firebase-functions.js","firestore":"https://www.gstatic.com/firebasejs/9.6.11/firebase-firestore.js","firestore/lite":"https://www.gstatic.com/firebasejs/9.6.11/firebase-firestore/lite.js","storage":"https://www.gstatic.com/firebasejs/9.6.11/firebase-storage.js","performance":"https://www.gstatic.com/firebasejs/9.6.11/firebase-performance.js","remote-config":"https://www.gstatic.com/firebasejs/9.6.11/firebase-remote-config.js","messaging":"https://www.gstatic.com/firebasejs/9.6.11/firebase-messaging.js","messaging/sw":"https://www.gstatic.com/firebasejs/9.6.11/firebase-messaging/sw.js","database":"https://www.gstatic.com/firebasejs/9.6.11/firebase-database.js","firestore.memory":"https://www.gstatic.com/firebasejs/9.6.11/firebase-firestore.memory.js"}}
[info] +  Wrote build/web/index.html 
[info] 
[info] i  Didn't detect a .git folder. Assuming D:\Folders\VS Code\TE Mini Project\CC_Distributed-Question-Bank-System\Distributed-Question-Bank-System-master is the project root. 
[info] i  Authorizing with GitHub to upload your service account to a GitHub repository's secrets store. 
[info] 
[info] Visit this URL on this device to log in:
[info] https://github.com/login/oauth/authorize?client_id=89cf50f02ac6aaed3484&state=274269794&redirect_uri=http%3A%2F%2Flocalhost%3A9005&scope=read%3Auser%20repo%20public_repo
[info] 
[info] Waiting for authentication...
[debug] [2022-04-15T14:12:43.740Z] >>> HTTP REQUEST POST https://github.com/login/oauth/access_token  
 {"client_id":"89cf50f02ac6aaed3484","client_secret":"3330d14abc895d9a74d5f17cd7a00711fa2c5bf0","code":"fe78e877d861066667b1","redirect_uri":"http://localhost:9005","state":"274269794"}
[debug] [2022-04-15T14:12:44.062Z] <<< HTTP RESPONSE 200 {"server":"GitHub.com","date":"Fri, 15 Apr 2022 14:12:43 GMT","content-type":"application/json; charset=utf-8","transfer-encoding":"chunked","vary":"X-PJAX, X-PJAX-Container, Accept-Encoding, Accept, X-Requested-With","permissions-policy":"interest-cohort=()","etag":"W/\"963b49ca6067894aa23dc102c60f1043\"","cache-control":"max-age=0, private, must-revalidate","strict-transport-security":"max-age=31536000; includeSubdomains; preload","x-frame-options":"deny","x-content-type-options":"nosniff","x-xss-protection":"0","referrer-policy":"origin-when-cross-origin, strict-origin-when-cross-origin","expect-ct":"max-age=2592000, report-uri=\"https://api.github.com/_private/browser/errors\"","content-security-policy":"default-src 'none'; base-uri 'self'; block-all-mixed-content; child-src github.com/assets-cdn/worker/ gist.github.com/assets-cdn/worker/; connect-src 'self' uploads.github.com objects-origin.githubusercontent.com www.githubstatus.com collector.github.com raw.githubusercontent.com api.github.com github-cloud.s3.amazonaws.com github-production-repository-file-5c1aeb.s3.amazonaws.com github-production-upload-manifest-file-7fdce7.s3.amazonaws.com github-production-user-asset-6210df.s3.amazonaws.com cdn.optimizely.com logx.optimizely.com/v1/events translator.github.com *.actions.githubusercontent.com wss://*.actions.githubusercontent.com online.visualstudio.com/api/v1/locations github-production-repository-image-32fea6.s3.amazonaws.com github-production-release-asset-2e65be.s3.amazonaws.com insights.github.com wss://alive.github.com; font-src github.githubassets.com; form-action 'self' github.com gist.github.com objects-origin.githubusercontent.com; frame-ancestors 'none'; frame-src render.githubusercontent.com viewscreen.githubusercontent.com notebooks.githubusercontent.com; img-src 'self' data: github.githubassets.com identicons.github.com github-cloud.s3.amazonaws.com secured-user-images.githubusercontent.com/ *.githubusercontent.com; manifest-src 'self'; media-src github.com user-images.githubusercontent.com/; script-src github.githubassets.com; style-src 'unsafe-inline' github.githubassets.com; worker-src github.com/assets-cdn/worker/ gist.github.com/assets-cdn/worker/","x-github-request-id":"0FF4:541D:66ECD6:745382:62597D5B"}
[debug] [2022-04-15T14:12:44.076Z] >>> [apiv2][query] GET https://api.github.com/user [none]
[debug] [2022-04-15T14:12:44.411Z] <<< [apiv2][status] GET https://api.github.com/user 200
[debug] [2022-04-15T14:12:44.411Z] <<< [apiv2][body] GET https://api.github.com/user {"login":"Zarana-15","id":65292389,"node_id":"MDQ6VXNlcjY1MjkyMzg5","avatar_url":"https://avatars.githubusercontent.com/u/65292389?v=4","gravatar_id":"","url":"https://api.github.com/users/Zarana-15","html_url":"https://github.com/Zarana-15","followers_url":"https://api.github.com/users/Zarana-15/followers","following_url":"https://api.github.com/users/Zarana-15/following{/other_user}","gists_url":"https://api.github.com/users/Zarana-15/gists{/gist_id}","starred_url":"https://api.github.com/users/Zarana-15/starred{/owner}{/repo}","subscriptions_url":"https://api.github.com/users/Zarana-15/subscriptions","organizations_url":"https://api.github.com/users/Zarana-15/orgs","repos_url":"https://api.github.com/users/Zarana-15/repos","events_url":"https://api.github.com/users/Zarana-15/events{/privacy}","received_events_url":"https://api.github.com/users/Zarana-15/received_events","type":"User","site_admin":false,"name":"Zarana Bharatkumar Desai","company":null,"blog":"","location":"Mumbai, Maharashtra, India.","email":null,"hireable":null,"bio":"Student at Shah & Anchor Kutchhi Engineering College","twitter_username":null,"public_repos":8,"public_gists":0,"followers":4,"following":4,"created_at":"2020-05-13T13:05:59Z","updated_at":"2022-04-12T17:23:56Z","private_gists":0,"total_private_repos":2,"owned_private_repos":2,"disk_usage":511212,"collaborators":0,"two_factor_authentication":false,"plan":{"name":"pro","space":976562499,"collaborators":0,"private_repos":9999}}
[info] 
[info] +  Success! Logged into GitHub as Zarana-15 
[info] 
